mode: set
github.com/redhat-appstudio/application-service/pkg/util/util.go:33.53,35.29 2 1
github.com/redhat-appstudio/application-service/pkg/util/util.go:38.2,38.22 1 1
github.com/redhat-appstudio/application-service/pkg/util/util.go:35.29,37.3 1 1
github.com/redhat-appstudio/application-service/pkg/util/util.go:41.77,47.2 4 1
github.com/redhat-appstudio/application-service/pkg/util/util.go:50.41,52.16 2 0
github.com/redhat-appstudio/application-service/pkg/util/util.go:55.2,55.24 1 0
github.com/redhat-appstudio/application-service/pkg/util/util.go:58.2,58.19 1 0
github.com/redhat-appstudio/application-service/pkg/util/util.go:52.16,54.3 1 0
github.com/redhat-appstudio/application-service/pkg/util/util.go:55.24,57.3 1 0
github.com/redhat-appstudio/application-service/pkg/util/util.go:63.51,65.16 2 0
github.com/redhat-appstudio/application-service/pkg/util/util.go:69.2,69.80 1 0
github.com/redhat-appstudio/application-service/pkg/util/util.go:86.2,86.17 1 0
github.com/redhat-appstudio/application-service/pkg/util/util.go:65.16,67.3 1 0
github.com/redhat-appstudio/application-service/pkg/util/util.go:69.80,72.63 2 0
github.com/redhat-appstudio/application-service/pkg/util/util.go:81.3,81.31 1 0
github.com/redhat-appstudio/application-service/pkg/util/util.go:72.63,75.4 1 0
github.com/redhat-appstudio/application-service/pkg/util/util.go:75.9,78.4 1 0
github.com/redhat-appstudio/application-service/pkg/util/util.go:81.31,83.4 1 0
github.com/redhat-appstudio/application-service/pkg/util/util.go:90.52,93.16 3 0
github.com/redhat-appstudio/application-service/pkg/util/util.go:96.2,98.38 2 0
github.com/redhat-appstudio/application-service/pkg/util/util.go:106.2,106.79 1 0
github.com/redhat-appstudio/application-service/pkg/util/util.go:93.16,95.3 1 0
github.com/redhat-appstudio/application-service/pkg/util/util.go:98.38,100.17 2 0
github.com/redhat-appstudio/application-service/pkg/util/util.go:103.3,103.24 1 0
github.com/redhat-appstudio/application-service/pkg/util/util.go:100.17,102.4 1 0
github.com/redhat-appstudio/application-service/pkg/util/util.go:111.82,114.16 2 0
github.com/redhat-appstudio/application-service/pkg/util/util.go:117.2,117.16 1 0
github.com/redhat-appstudio/application-service/pkg/util/util.go:122.2,125.16 2 0
github.com/redhat-appstudio/application-service/pkg/util/util.go:130.2,131.26 2 0
github.com/redhat-appstudio/application-service/pkg/util/util.go:114.16,116.3 1 0
github.com/redhat-appstudio/application-service/pkg/util/util.go:117.16,119.3 1 0
github.com/redhat-appstudio/application-service/pkg/util/util.go:125.16,127.3 1 0
github.com/redhat-appstudio/application-service/pkg/devfile/devfile.go:28.71,36.2 4 1
github.com/redhat-appstudio/application-service/pkg/devfile/devfile.go:40.144,43.16 3 1
github.com/redhat-appstudio/application-service/pkg/devfile/devfile.go:47.2,52.49 3 1
github.com/redhat-appstudio/application-service/pkg/devfile/devfile.go:55.2,55.50 1 1
github.com/redhat-appstudio/application-service/pkg/devfile/devfile.go:58.2,58.47 1 1
github.com/redhat-appstudio/application-service/pkg/devfile/devfile.go:61.2,61.48 1 1
github.com/redhat-appstudio/application-service/pkg/devfile/devfile.go:65.2,71.25 2 1
github.com/redhat-appstudio/application-service/pkg/devfile/devfile.go:43.16,45.3 1 0
github.com/redhat-appstudio/application-service/pkg/devfile/devfile.go:52.49,54.3 1 1
github.com/redhat-appstudio/application-service/pkg/devfile/devfile.go:55.50,57.3 1 1
github.com/redhat-appstudio/application-service/pkg/devfile/devfile.go:58.47,60.3 1 1
github.com/redhat-appstudio/application-service/pkg/devfile/devfile.go:61.48,63.3 1 1
github.com/redhat-appstudio/application-service/controllers/hascomponentdetectionquery_controller.go:49.118,55.2 2 0
github.com/redhat-appstudio/application-service/controllers/hascomponentdetectionquery_controller.go:58.89,62.2 1 0
github.com/redhat-appstudio/application-service/controllers/haspush_controller.go:49.99,55.2 2 0
github.com/redhat-appstudio/application-service/controllers/haspush_controller.go:58.70,62.2 1 0
github.com/redhat-appstudio/application-service/controllers/update.go:14.158,23.16 3 1
github.com/redhat-appstudio/application-service/controllers/update.go:27.2,29.39 2 1
github.com/redhat-appstudio/application-service/controllers/update.go:257.2,257.23 1 1
github.com/redhat-appstudio/application-service/controllers/update.go:23.16,25.3 1 0
github.com/redhat-appstudio/application-service/controllers/update.go:29.39,33.36 2 1
github.com/redhat-appstudio/application-service/controllers/update.go:54.3,55.37 2 1
github.com/redhat-appstudio/application-service/controllers/update.go:66.3,66.51 1 1
github.com/redhat-appstudio/application-service/controllers/update.go:73.3,73.49 1 1
github.com/redhat-appstudio/application-service/controllers/update.go:85.3,85.45 1 1
github.com/redhat-appstudio/application-service/controllers/update.go:115.3,116.22 2 1
github.com/redhat-appstudio/application-service/controllers/update.go:181.3,182.24 2 1
github.com/redhat-appstudio/application-service/controllers/update.go:246.3,246.25 1 1
github.com/redhat-appstudio/application-service/controllers/update.go:33.36,35.38 2 1
github.com/redhat-appstudio/application-service/controllers/update.go:46.4,46.47 1 1
github.com/redhat-appstudio/application-service/controllers/update.go:35.38,37.5 1 1
github.com/redhat-appstudio/application-service/controllers/update.go:37.10,40.19 3 1
github.com/redhat-appstudio/application-service/controllers/update.go:40.19,41.58 1 0
github.com/redhat-appstudio/application-service/controllers/update.go:41.58,43.7 1 0
github.com/redhat-appstudio/application-service/controllers/update.go:46.47,50.5 3 1
github.com/redhat-appstudio/application-service/controllers/update.go:55.37,57.4 1 1
github.com/redhat-appstudio/application-service/controllers/update.go:57.9,60.18 3 1
github.com/redhat-appstudio/application-service/controllers/update.go:60.18,61.57 1 1
github.com/redhat-appstudio/application-service/controllers/update.go:61.57,63.6 1 0
github.com/redhat-appstudio/application-service/controllers/update.go:66.51,70.4 3 1
github.com/redhat-appstudio/application-service/controllers/update.go:73.49,74.59 1 1
github.com/redhat-appstudio/application-service/controllers/update.go:74.59,75.60 1 1
github.com/redhat-appstudio/application-service/controllers/update.go:75.60,80.6 4 1
github.com/redhat-appstudio/application-service/controllers/update.go:85.45,86.28 1 1
github.com/redhat-appstudio/application-service/controllers/update.go:90.4,94.55 4 1
github.com/redhat-appstudio/application-service/controllers/update.go:106.4,106.18 1 1
github.com/redhat-appstudio/application-service/controllers/update.go:86.28,88.5 1 0
github.com/redhat-appstudio/application-service/controllers/update.go:94.55,95.32 1 1
github.com/redhat-appstudio/application-service/controllers/update.go:95.32,97.35 2 1
github.com/redhat-appstudio/application-service/controllers/update.go:97.35,102.7 4 1
github.com/redhat-appstudio/application-service/controllers/update.go:106.18,110.5 3 1
github.com/redhat-appstudio/application-service/controllers/update.go:116.22,119.100 2 1
github.com/redhat-appstudio/application-service/controllers/update.go:126.4,127.109 2 1
github.com/redhat-appstudio/application-service/controllers/update.go:134.4,136.38 3 1
github.com/redhat-appstudio/application-service/controllers/update.go:150.4,150.60 1 1
github.com/redhat-appstudio/application-service/controllers/update.go:157.4,159.38 3 1
github.com/redhat-appstudio/application-service/controllers/update.go:173.4,173.79 1 1
github.com/redhat-appstudio/application-service/controllers/update.go:119.100,123.5 3 1
github.com/redhat-appstudio/application-service/controllers/update.go:127.109,131.5 3 1
github.com/redhat-appstudio/application-service/controllers/update.go:136.38,138.5 1 0
github.com/redhat-appstudio/application-service/controllers/update.go:138.10,141.19 3 1
github.com/redhat-appstudio/application-service/controllers/update.go:146.5,146.34 1 1
github.com/redhat-appstudio/application-service/controllers/update.go:141.19,142.58 1 1
github.com/redhat-appstudio/application-service/controllers/update.go:142.58,144.7 1 0
github.com/redhat-appstudio/application-service/controllers/update.go:146.34,148.6 1 1
github.com/redhat-appstudio/application-service/controllers/update.go:150.60,154.5 3 1
github.com/redhat-appstudio/application-service/controllers/update.go:159.38,161.5 1 0
github.com/redhat-appstudio/application-service/controllers/update.go:161.10,164.19 3 1
github.com/redhat-appstudio/application-service/controllers/update.go:169.5,169.43 1 1
github.com/redhat-appstudio/application-service/controllers/update.go:164.19,165.58 1 1
github.com/redhat-appstudio/application-service/controllers/update.go:165.58,167.7 1 0
github.com/redhat-appstudio/application-service/controllers/update.go:169.43,171.6 1 1
github.com/redhat-appstudio/application-service/controllers/update.go:173.79,177.5 3 1
github.com/redhat-appstudio/application-service/controllers/update.go:182.24,185.106 2 1
github.com/redhat-appstudio/application-service/controllers/update.go:192.4,193.115 2 1
github.com/redhat-appstudio/application-service/controllers/update.go:200.4,202.38 3 1
github.com/redhat-appstudio/application-service/controllers/update.go:216.4,216.64 1 1
github.com/redhat-appstudio/application-service/controllers/update.go:223.4,225.38 3 1
github.com/redhat-appstudio/application-service/controllers/update.go:239.4,239.83 1 1
github.com/redhat-appstudio/application-service/controllers/update.go:185.106,189.5 3 1
github.com/redhat-appstudio/application-service/controllers/update.go:193.115,197.5 3 1
github.com/redhat-appstudio/application-service/controllers/update.go:202.38,204.5 1 0
github.com/redhat-appstudio/application-service/controllers/update.go:204.10,207.19 3 1
github.com/redhat-appstudio/application-service/controllers/update.go:212.5,212.36 1 1
github.com/redhat-appstudio/application-service/controllers/update.go:207.19,208.58 1 1
github.com/redhat-appstudio/application-service/controllers/update.go:208.58,210.7 1 0
github.com/redhat-appstudio/application-service/controllers/update.go:212.36,214.6 1 1
github.com/redhat-appstudio/application-service/controllers/update.go:216.64,220.5 3 1
github.com/redhat-appstudio/application-service/controllers/update.go:225.38,227.5 1 0
github.com/redhat-appstudio/application-service/controllers/update.go:227.10,230.19 3 1
github.com/redhat-appstudio/application-service/controllers/update.go:235.5,235.45 1 1
github.com/redhat-appstudio/application-service/controllers/update.go:230.19,231.58 1 1
github.com/redhat-appstudio/application-service/controllers/update.go:231.58,233.7 1 0
github.com/redhat-appstudio/application-service/controllers/update.go:235.45,237.6 1 1
github.com/redhat-appstudio/application-service/controllers/update.go:239.83,243.5 3 1
github.com/redhat-appstudio/application-service/controllers/update.go:246.25,250.18 3 1
github.com/redhat-appstudio/application-service/controllers/update.go:253.4,253.20 1 1
github.com/redhat-appstudio/application-service/controllers/update.go:250.18,252.5 1 0
github.com/redhat-appstudio/application-service/controllers/update.go:260.151,275.16 3 1
github.com/redhat-appstudio/application-service/controllers/update.go:278.2,278.35 1 1
github.com/redhat-appstudio/application-service/controllers/update.go:283.2,284.16 2 1
github.com/redhat-appstudio/application-service/controllers/update.go:288.2,288.12 1 1
github.com/redhat-appstudio/application-service/controllers/update.go:275.16,277.3 1 0
github.com/redhat-appstudio/application-service/controllers/update.go:278.35,279.38 1 0
github.com/redhat-appstudio/application-service/controllers/update.go:279.38,281.4 1 0
github.com/redhat-appstudio/application-service/controllers/update.go:284.16,286.3 1 0
github.com/redhat-appstudio/application-service/controllers/hasapplication_controller.go:58.106,65.16 5 1
github.com/redhat-appstudio/application-service/controllers/hasapplication_controller.go:78.2,78.41 1 1
github.com/redhat-appstudio/application-service/controllers/hasapplication_controller.go:149.2,150.27 2 1
github.com/redhat-appstudio/application-service/controllers/hasapplication_controller.go:65.16,66.32 1 1
github.com/redhat-appstudio/application-service/controllers/hasapplication_controller.go:73.3,73.33 1 0
github.com/redhat-appstudio/application-service/controllers/hasapplication_controller.go:66.32,71.4 1 1
github.com/redhat-appstudio/application-service/controllers/hasapplication_controller.go:78.41,82.45 3 1
github.com/redhat-appstudio/application-service/controllers/hasapplication_controller.go:95.3,96.17 2 1
github.com/redhat-appstudio/application-service/controllers/hasapplication_controller.go:101.3,102.17 2 1
github.com/redhat-appstudio/application-service/controllers/hasapplication_controller.go:108.3,110.61 2 1
github.com/redhat-appstudio/application-service/controllers/hasapplication_controller.go:82.45,87.4 3 1
github.com/redhat-appstudio/application-service/controllers/hasapplication_controller.go:87.9,87.30 1 1
github.com/redhat-appstudio/application-service/controllers/hasapplication_controller.go:87.30,90.4 2 1
github.com/redhat-appstudio/application-service/controllers/hasapplication_controller.go:90.9,90.32 1 1
github.com/redhat-appstudio/application-service/controllers/hasapplication_controller.go:90.32,92.4 1 1
github.com/redhat-appstudio/application-service/controllers/hasapplication_controller.go:96.17,100.4 3 0
github.com/redhat-appstudio/application-service/controllers/hasapplication_controller.go:102.17,106.4 3 0
github.com/redhat-appstudio/application-service/controllers/hasapplication_controller.go:111.8,115.17 2 1
github.com/redhat-appstudio/application-service/controllers/hasapplication_controller.go:121.3,125.38 5 1
github.com/redhat-appstudio/application-service/controllers/hasapplication_controller.go:129.3,129.45 1 1
github.com/redhat-appstudio/application-service/controllers/hasapplication_controller.go:133.3,133.21 1 1
github.com/redhat-appstudio/application-service/controllers/hasapplication_controller.go:115.17,118.4 2 0
github.com/redhat-appstudio/application-service/controllers/hasapplication_controller.go:125.38,128.4 2 1
github.com/redhat-appstudio/application-service/controllers/hasapplication_controller.go:129.45,132.4 2 1
github.com/redhat-appstudio/application-service/controllers/hasapplication_controller.go:133.21,138.18 3 1
github.com/redhat-appstudio/application-service/controllers/hasapplication_controller.go:144.4,145.62 2 1
github.com/redhat-appstudio/application-service/controllers/hasapplication_controller.go:138.18,142.5 3 0
github.com/redhat-appstudio/application-service/controllers/hasapplication_controller.go:154.77,160.2 2 1
github.com/redhat-appstudio/application-service/controllers/hasapplication_controller_conditions.go:29.156,32.24 2 1
github.com/redhat-appstudio/application-service/controllers/hasapplication_controller_conditions.go:48.2,49.16 2 1
github.com/redhat-appstudio/application-service/controllers/hasapplication_controller_conditions.go:32.24,39.3 1 1
github.com/redhat-appstudio/application-service/controllers/hasapplication_controller_conditions.go:39.8,46.3 1 0
github.com/redhat-appstudio/application-service/controllers/hasapplication_controller_conditions.go:49.16,51.3 1 0
github.com/redhat-appstudio/application-service/controllers/hasapplication_controller_conditions.go:54.156,57.24 2 1
github.com/redhat-appstudio/application-service/controllers/hasapplication_controller_conditions.go:73.2,74.16 2 1
github.com/redhat-appstudio/application-service/controllers/hasapplication_controller_conditions.go:57.24,64.3 1 1
github.com/redhat-appstudio/application-service/controllers/hasapplication_controller_conditions.go:64.8,71.3 1 0
github.com/redhat-appstudio/application-service/controllers/hasapplication_controller_conditions.go:74.16,76.3 1 0
github.com/redhat-appstudio/application-service/controllers/hascomponent_controller.go:62.104,69.16 5 1
github.com/redhat-appstudio/application-service/controllers/hascomponent_controller.go:81.2,81.39 1 1
github.com/redhat-appstudio/application-service/controllers/hascomponent_controller.go:253.2,254.27 2 1
github.com/redhat-appstudio/application-service/controllers/hascomponent_controller.go:69.16,70.29 1 1
github.com/redhat-appstudio/application-service/controllers/hascomponent_controller.go:77.3,77.28 1 0
github.com/redhat-appstudio/application-service/controllers/hascomponent_controller.go:70.29,75.4 1 1
github.com/redhat-appstudio/application-service/controllers/hascomponent_controller.go:81.39,88.20 4 1
github.com/redhat-appstudio/application-service/controllers/hascomponent_controller.go:94.3,94.33 1 1
github.com/redhat-appstudio/application-service/controllers/hascomponent_controller.go:88.20,90.4 1 1
github.com/redhat-appstudio/application-service/controllers/hascomponent_controller.go:90.9,92.4 1 0
github.com/redhat-appstudio/application-service/controllers/hascomponent_controller.go:94.33,97.41 2 1
github.com/redhat-appstudio/application-service/controllers/hascomponent_controller.go:130.4,131.18 2 1
github.com/redhat-appstudio/application-service/controllers/hascomponent_controller.go:137.4,138.18 2 1
github.com/redhat-appstudio/application-service/controllers/hascomponent_controller.go:145.4,147.18 3 1
github.com/redhat-appstudio/application-service/controllers/hascomponent_controller.go:152.4,152.43 1 1
github.com/redhat-appstudio/application-service/controllers/hascomponent_controller.go:97.41,99.19 2 1
github.com/redhat-appstudio/application-service/controllers/hascomponent_controller.go:105.5,107.19 3 1
github.com/redhat-appstudio/application-service/controllers/hascomponent_controller.go:99.19,103.6 3 0
github.com/redhat-appstudio/application-service/controllers/hascomponent_controller.go:107.19,113.20 4 0
github.com/redhat-appstudio/application-service/controllers/hascomponent_controller.go:113.20,117.7 3 0
github.com/redhat-appstudio/application-service/controllers/hascomponent_controller.go:119.10,121.19 2 0
github.com/redhat-appstudio/application-service/controllers/hascomponent_controller.go:121.19,126.6 4 0
github.com/redhat-appstudio/application-service/controllers/hascomponent_controller.go:131.18,135.5 3 0
github.com/redhat-appstudio/application-service/controllers/hascomponent_controller.go:138.18,142.5 3 0
github.com/redhat-appstudio/application-service/controllers/hascomponent_controller.go:147.18,151.5 3 0
github.com/redhat-appstudio/application-service/controllers/hascomponent_controller.go:152.43,155.19 2 1
github.com/redhat-appstudio/application-service/controllers/hascomponent_controller.go:161.5,162.19 2 1
github.com/redhat-appstudio/application-service/controllers/hascomponent_controller.go:168.5,169.19 2 1
github.com/redhat-appstudio/application-service/controllers/hascomponent_controller.go:175.5,179.19 3 1
github.com/redhat-appstudio/application-service/controllers/hascomponent_controller.go:184.5,186.19 3 1
github.com/redhat-appstudio/application-service/controllers/hascomponent_controller.go:194.5,202.19 8 1
github.com/redhat-appstudio/application-service/controllers/hascomponent_controller.go:155.19,159.6 3 0
github.com/redhat-appstudio/application-service/controllers/hascomponent_controller.go:162.19,166.6 3 0
github.com/redhat-appstudio/application-service/controllers/hascomponent_controller.go:169.19,173.6 3 0
github.com/redhat-appstudio/application-service/controllers/hascomponent_controller.go:179.19,183.6 3 0
github.com/redhat-appstudio/application-service/controllers/hascomponent_controller.go:186.19,192.6 3 0
github.com/redhat-appstudio/application-service/controllers/hascomponent_controller.go:202.19,206.6 3 0
github.com/redhat-appstudio/application-service/controllers/hascomponent_controller.go:207.10,212.5 4 0
github.com/redhat-appstudio/application-service/controllers/hascomponent_controller.go:214.9,214.71 1 0
github.com/redhat-appstudio/application-service/controllers/hascomponent_controller.go:214.71,216.4 1 0
github.com/redhat-appstudio/application-service/controllers/hascomponent_controller.go:217.8,223.17 3 1
github.com/redhat-appstudio/application-service/controllers/hascomponent_controller.go:229.3,230.17 2 1
github.com/redhat-appstudio/application-service/controllers/hascomponent_controller.go:236.3,236.16 1 1
github.com/redhat-appstudio/application-service/controllers/hascomponent_controller.go:223.17,227.4 3 0
github.com/redhat-appstudio/application-service/controllers/hascomponent_controller.go:230.17,234.4 3 0
github.com/redhat-appstudio/application-service/controllers/hascomponent_controller.go:236.16,239.18 3 1
github.com/redhat-appstudio/application-service/controllers/hascomponent_controller.go:245.4,247.60 2 1
github.com/redhat-appstudio/application-service/controllers/hascomponent_controller.go:239.18,243.5 3 0
github.com/redhat-appstudio/application-service/controllers/hascomponent_controller.go:248.9,250.4 1 1
github.com/redhat-appstudio/application-service/controllers/hascomponent_controller.go:258.75,262.2 1 1
github.com/redhat-appstudio/application-service/controllers/hascomponent_controller_conditions.go:29.150,32.24 2 1
github.com/redhat-appstudio/application-service/controllers/hascomponent_controller_conditions.go:48.2,49.16 2 1
github.com/redhat-appstudio/application-service/controllers/hascomponent_controller_conditions.go:32.24,39.3 1 1
github.com/redhat-appstudio/application-service/controllers/hascomponent_controller_conditions.go:39.8,46.3 1 0
github.com/redhat-appstudio/application-service/controllers/hascomponent_controller_conditions.go:49.16,51.3 1 0
github.com/redhat-appstudio/application-service/controllers/hascomponent_controller_conditions.go:54.150,57.24 2 1
github.com/redhat-appstudio/application-service/controllers/hascomponent_controller_conditions.go:73.2,74.16 2 1
github.com/redhat-appstudio/application-service/controllers/hascomponent_controller_conditions.go:57.24,64.3 1 1
github.com/redhat-appstudio/application-service/controllers/hascomponent_controller_conditions.go:64.8,71.3 1 0
github.com/redhat-appstudio/application-service/controllers/hascomponent_controller_conditions.go:74.16,76.3 1 0
